Загружена страница игры. Текущий ход: white
Получен POST-запрос. Ход: e4
Ход e4 успешно применён
Позиция обновлена. Следующий ход: black
Получен POST-запрос. Ход: e5
Ход e5 успешно применён
Позиция обновлена. Следующий ход: white
Получен POST-запрос. Ход: Bc4
Ход Bc4 успешно применён
Позиция обновлена. Следующий ход: black
Получен POST-запрос. Ход: d5
Ход d5 успешно применён
Позиция обновлена. Следующий ход: white
Загружена страница игры. Текущий ход: white
Получен POST-запрос. Ход: f4
Ход f4 успешно применён
Позиция обновлена. Следующий ход: black
Загружена страница игры. Текущий ход: black
Получен POST-запрос. Ход: Nf3
Ошибка при ходе Nf3: illegal san: 'Nf3' in rnbqkbnr/ppp2ppp/8/3pp3/2B1PP2/8/PPPP2PP/RNBQK1NR b KQkq - 0 3
Загружена страница игры. Текущий ход: black
Ход d4 выполнен. Следующий ход: white
Ход Bb5+ выполнен. Следующий ход: black
Загружена страница игры. Текущий ход: black
♻️ Игра сброшена пользователем.
Ход e4 выполнен. Следующий ход: black
Ход e5 выполнен. Следующий ход: white
Загружена страница игры. Текущий ход: white
Ход f4 выполнен. Следующий ход: black
♻️ Игра сброшена пользователем.
Ход e4 выполнен. Следующий ход: black
Ход e5 выполнен. Следующий ход: white
Загружена страница игры. Текущий ход: white
Ход f4 выполнен. Следующий ход: black
Ход f5 выполнен. Следующий ход: white
Загружена страница игры. Текущий ход: white
Ход g4 выполнен. Следующий ход: black
Ход g5 выполнен. Следующий ход: white
Ход exf5 выполнен. Следующий ход: black
♻️ Игра сброшена пользователем.
Ход e4 выполнен. Следующий ход: black
Ход e5 выполнен. Следующий ход: white
Загружена страница игры. Текущий ход: white
Ход d4 выполнен. Следующий ход: black
Ход exd4 выполнен. Следующий ход: white
♻️ Игра сброшена пользователем.
Загружена страница игры. Текущий ход: white
Ход e4 выполнен. Следующий ход: black
Ход e5 выполнен. Следующий ход: white
Ход Qg4 выполнен. Следующий ход: black
Ход Qg5 выполнен. Следующий ход: white
Ход Qxg5 выполнен. Следующий ход: black
Ход h6 выполнен. Следующий ход: white
Ход Qxe5+ выполнен. Следующий ход: black
Загружена страница игры. Текущий ход: black
♻️ Игра сброшена пользователем.
Ход f4 выполнен. Следующий ход: black
Ход e5 выполнен. Следующий ход: white
Загружена страница игры. Текущий ход: white
Ход f5 выполнен. Следующий ход: black
Ход e4 выполнен. Следующий ход: white
Ход e3 выполнен. Следующий ход: black
Ход f6 выполнен. Следующий ход: white
Ход Nf3 выполнен. Следующий ход: black
Ход exf3 выполнен. Следующий ход: white
Загружена страница игры. Текущий ход: white
Ход e4 выполнен. Следующий ход: black
Ход g6 выполнен. Следующий ход: white
Ход e5 выполнен. Следующий ход: black
Ход fxe5 выполнен. Следующий ход: white
Ход d4 выполнен. Следующий ход: black
Ход exd4 выполнен. Следующий ход: white
Ход c3 выполнен. Следующий ход: black
Ход d3 выполнен. Следующий ход: white
Загружена страница игры. Текущий ход: white
♻️ Игра сброшена пользователем.
Ход e4 выполнен. Следующий ход: black
Ход f6 выполнен. Следующий ход: white
Ход g4 выполнен. Следующий ход: black
Ход g6 выполнен. Следующий ход: white
Ход h3 выполнен. Следующий ход: black
Ход h6 выполнен. Следующий ход: white
Ход Qe2 выполнен. Следующий ход: black
Ход e6 выполнен. Следующий ход: white
Ход g5 выполнен. Следующий ход: black
Ход f5 выполнен. Следующий ход: white
Ход e5 выполнен. Следующий ход: black
Ход f4 выполнен. Следующий ход: white
Загружена страница игры. Текущий ход: white
♻️ Игра сброшена пользователем.
Ход e4 выполнен. Следующий ход: black
Ход g6 выполнен. Следующий ход: white
Ход g4 выполнен. Следующий ход: black
Ход h5 выполнен. Следующий ход: white
Ход d3 выполнен. Следующий ход: black
Ход e5 выполнен. Следующий ход: white
Загружена страница игры. Текущий ход: white
♻️ Игра сброшена пользователем.
Ход e4 выполнен. Следующий ход: black
